\BOOKMARK [0][-]{section*.2}{\376\377\000C\000o\000n\000t\000e\000n\000t\000s}{}% 1
\BOOKMARK [0][-]{chapter.1}{\376\377\000P\000r\000e\000f\000a\000c\000e}{}% 2
\BOOKMARK [0][-]{chapter.2}{\376\377\000I\000n\000t\000r\000o\000d\000u\000c\000t\000i\000o\000n}{}% 3
\BOOKMARK [1][-]{section.2.1}{\376\377\000T\000h\000e\000\040\000E\000t\000h\000o\000s\000\040\000o\000f\000\040\000N\000e\000k\000t\000a\000r\000+\000+}{chapter.2}% 4
\BOOKMARK [1][-]{section.2.2}{\376\377\000T\000h\000e\000\040\000S\000t\000r\000u\000c\000t\000u\000r\000e\000\040\000o\000f\000\040\000N\000e\000k\000t\000a\000r\000+\000+}{chapter.2}% 5
\BOOKMARK [1][-]{section.2.3}{\376\377\000A\000s\000s\000u\000m\000e\000d\000\040\000P\000r\000o\000f\000i\000c\000i\000e\000n\000c\000i\000e\000s}{chapter.2}% 6
\BOOKMARK [1][-]{section.2.4}{\376\377\000O\000t\000h\000e\000r\000\040\000S\000o\000f\000t\000w\000a\000r\000e\000\040\000I\000m\000p\000l\000e\000m\000e\000n\000t\000a\000t\000i\000o\000n\000s\000\040\000a\000n\000d\000\040\000F\000r\000a\000m\000e\000w\000o\000r\000k\000s}{chapter.2}% 7
\BOOKMARK [1][-]{section.2.5}{\376\377\000H\000o\000w\000\040\000t\000o\000\040\000U\000s\000e\000\040\000T\000h\000i\000s\000\040\000D\000o\000c\000u\000m\000e\000n\000t}{chapter.2}% 8
\BOOKMARK [0][-]{chapter.3}{\376\377\000P\000r\000e\000l\000i\000m\000i\000n\000a\000r\000i\000e\000s}{}% 9
\BOOKMARK [1][-]{section.3.1}{\376\377\000S\000u\000m\000m\000a\000r\000y\000\040\000o\000f\000\040\000D\000e\000v\000e\000l\000o\000p\000m\000e\000n\000t\000\040\000T\000o\000o\000l\000s\000\040\000a\000n\000d\000\040\000B\000e\000s\000t\000\040\000P\000r\000a\000c\000t\000i\000c\000e\000s}{chapter.3}% 10
\BOOKMARK [2][-]{subsection.3.1.1}{\376\377\000G\000e\000n\000e\000r\000a\000l\000\040\000R\000e\000s\000o\000u\000r\000c\000e\000s}{section.3.1}% 11
\BOOKMARK [2][-]{subsection.3.1.2}{\376\377\000V\000e\000r\000s\000i\000o\000n\000\040\000C\000o\000n\000t\000r\000o\000l\000\040\000\050\000g\000i\000t\000\051}{section.3.1}% 12
\BOOKMARK [2][-]{subsection.3.1.3}{\376\377\000B\000u\000i\000l\000d\000i\000n\000g\000\040\000\050\000C\000M\000a\000k\000e\000\051}{section.3.1}% 13
\BOOKMARK [2][-]{subsection.3.1.4}{\376\377\000T\000e\000s\000t\000i\000n\000g\000\040\000\050\000C\000T\000e\000s\000t\000\051}{section.3.1}% 14
\BOOKMARK [2][-]{subsection.3.1.5}{\376\377\000M\000e\000r\000g\000e\000\040\000R\000e\000q\000u\000e\000s\000t\000s\000\040\000\050\000G\000i\000t\000l\000a\000b\000\051}{section.3.1}% 15
\BOOKMARK [1][-]{section.3.2}{\376\377\000D\000o\000c\000u\000m\000e\000n\000t\000a\000t\000i\000o\000n\000\040\000a\000n\000d\000\040\000T\000u\000t\000o\000r\000i\000a\000l\000s}{chapter.3}% 16
\BOOKMARK [2][-]{subsection.3.2.1}{\376\377\000D\000e\000p\000e\000n\000d\000e\000n\000c\000i\000e\000s}{section.3.2}% 17
\BOOKMARK [2][-]{subsection.3.2.2}{\376\377\000C\000o\000m\000p\000i\000l\000i\000n\000g\000\040\000t\000h\000e\000\040\000U\000s\000e\000r\000\040\000G\000u\000i\000d\000e}{section.3.2}% 18
\BOOKMARK [2][-]{subsection.3.2.3}{\376\377\000D\000e\000v\000e\000l\000o\000p\000e\000r\000s\000\040\000G\000u\000i\000d\000e}{section.3.2}% 19
\BOOKMARK [2][-]{subsection.3.2.4}{\376\377\000C\000o\000m\000p\000i\000l\000i\000n\000g\000\040\000t\000h\000e\000\040\000c\000o\000d\000e\000\040\000d\000o\000c\000u\000m\000e\000n\000t\000a\000t\000i\000o\000n}{section.3.2}% 20
\BOOKMARK [1][-]{section.3.3}{\376\377\000C\000o\000m\000p\000i\000l\000i\000n\000g\000\040\000T\000u\000t\000o\000r\000i\000a\000l\000s}{chapter.3}% 21
\BOOKMARK [1][-]{section.3.4}{\376\377\000C\000o\000r\000e\000\040\000N\000e\000k\000t\000a\000r\000+\000+\000\040\000P\000r\000o\000g\000r\000a\000m\000m\000i\000n\000g\000\040\000C\000o\000n\000c\000e\000p\000t\000s}{chapter.3}% 22
\BOOKMARK [2][-]{subsection.3.4.1}{\376\377\000N\000a\000m\000e\000s\000p\000a\000c\000e\000s}{section.3.4}% 23
\BOOKMARK [2][-]{subsection.3.4.2}{\376\377\000C\000+\000+\000\040\000S\000t\000a\000n\000d\000a\000r\000d\000\040\000T\000e\000m\000p\000l\000a\000t\000e\000\040\000L\000i\000b\000r\000a\000r\000y\000\040\000\050\000S\000T\000L\000\051\000\040}{section.3.4}% 24
\BOOKMARK [2][-]{subsection.3.4.3}{\376\377\000t\000y\000p\000e\000d\000e\000f\000s}{section.3.4}% 25
\BOOKMARK [2][-]{subsection.3.4.4}{\376\377\000F\000o\000r\000w\000a\000r\000d\000\040\000D\000e\000c\000l\000a\000r\000a\000t\000i\000o\000n\000s}{section.3.4}% 26
\BOOKMARK [2][-]{subsection.3.4.5}{\376\377\000T\000e\000m\000p\000l\000a\000t\000e\000d\000\040\000C\000l\000a\000s\000s\000e\000s\000\040\000a\000n\000d\000\040\000S\000p\000e\000c\000i\000a\000l\000i\000z\000a\000t\000i\000o\000n}{section.3.4}% 27
\BOOKMARK [2][-]{subsection.3.4.6}{\376\377\000M\000u\000l\000t\000i\000p\000l\000e\000\040\000I\000n\000h\000e\000r\000i\000t\000a\000n\000c\000e\000\040\000a\000n\000d\000\040\000t\000h\000e\000\040\000v\000i\000r\000t\000u\000a\000l\000\040\000K\000e\000y\000w\000o\000r\000d}{section.3.4}% 28
\BOOKMARK [2][-]{subsection.3.4.7}{\376\377\000V\000i\000r\000t\000u\000a\000l\000\040\000F\000u\000n\000c\000t\000i\000o\000n\000s\000\040\000a\000n\000d\000\040\000I\000n\000h\000e\000r\000i\000t\000a\000n\000c\000e}{section.3.4}% 29
\BOOKMARK [2][-]{subsection.3.4.8}{\376\377\000C\000o\000n\000s\000t\000\040\000k\000e\000y\000w\000o\000r\000d}{section.3.4}% 30
\BOOKMARK [2][-]{subsection.3.4.9}{\376\377\000F\000u\000n\000c\000t\000i\000o\000n\000\040\000p\000o\000i\000n\000t\000e\000r\000s\000\040\000a\000n\000d\000\040\000b\000i\000n\000d}{section.3.4}% 31
\BOOKMARK [2][-]{subsection.3.4.10}{\376\377\000M\000e\000m\000o\000r\000y\000\040\000P\000o\000o\000l\000s\000\040\000a\000n\000d\000\040\000N\000e\000k\000A\000r\000r\000a\000y}{section.3.4}% 32
\BOOKMARK [1][-]{section.3.5}{\376\377\000D\000e\000s\000i\000g\000n\000\040\000P\000a\000t\000t\000e\000r\000n\000s}{chapter.3}% 33
\BOOKMARK [2][-]{subsection.3.5.1}{\376\377\000T\000e\000m\000p\000l\000a\000t\000e\000\040\000p\000a\000t\000t\000e\000r\000n}{section.3.5}% 34
\BOOKMARK [2][-]{subsection.3.5.2}{\376\377\000A\000b\000s\000t\000r\000a\000c\000t\000\040\000F\000a\000c\000t\000o\000r\000y\000\040\000P\000a\000t\000t\000e\000r\000n}{section.3.5}% 35
\BOOKMARK [1][-]{section.3.6}{\376\377\000S\000o\000f\000t\000w\000a\000r\000e\000\040\000T\000e\000s\000t\000i\000n\000g\000\040\000A\000p\000p\000r\000o\000a\000c\000h\000e\000s}{chapter.3}% 36
\BOOKMARK [2][-]{subsection.3.6.1}{\376\377\000U\000n\000i\000t\000\040\000T\000e\000s\000t\000s}{section.3.6}% 37
\BOOKMARK [2][-]{subsection.3.6.2}{\376\377\000I\000n\000t\000e\000g\000r\000a\000t\000i\000o\000n\000,\000\040\000S\000y\000s\000t\000e\000m\000\040\000a\000n\000d\000\040\000R\000e\000g\000r\000e\000s\000s\000i\000o\000n\000\040\000T\000e\000s\000t\000s}{section.3.6}% 38
\BOOKMARK [2][-]{subsection.3.6.3}{\376\377\000C\000o\000n\000t\000i\000n\000u\000o\000u\000s\000\040\000I\000n\000t\000e\000g\000r\000a\000t\000i\000o\000n}{section.3.6}% 39
\BOOKMARK [-1][-]{part.1}{\376\377\000B\000u\000i\000l\000d\000i\000n\000g\000-\000B\000l\000o\000c\000k\000s\000\040\000o\000f\000\040\000O\000u\000r\000\040\000F\000r\000a\000m\000e\000w\000o\000r\000k\000\040\000\050\000I\000n\000s\000i\000d\000e\000\040\000t\000h\000e\000\040\000L\000i\000b\000r\000a\000r\000y\000\051}{}% 40
\BOOKMARK [0][-]{chapter.4}{\376\377\000I\000n\000s\000i\000d\000e\000\040\000t\000h\000e\000\040\000L\000i\000b\000r\000a\000r\000y\000:\000\040\000L\000i\000b\000U\000t\000i\000l\000i\000t\000i\000e\000s}{part.1}% 41
\BOOKMARK [1][-]{section.4.1}{\376\377\000B\000a\000s\000i\000c\000C\000o\000n\000s\000t}{chapter.4}% 42
\BOOKMARK [1][-]{section.4.2}{\376\377\000B\000a\000s\000i\000c\000U\000t\000i\000l\000s}{chapter.4}% 43
\BOOKMARK [1][-]{section.4.3}{\376\377\000C\000o\000m\000m\000u\000n\000i\000c\000a\000t\000i\000o\000n}{chapter.4}% 44
\BOOKMARK [1][-]{section.4.4}{\376\377\000F\000F\000T}{chapter.4}% 45
\BOOKMARK [1][-]{section.4.5}{\376\377\000F\000o\000u\000n\000d\000a\000t\000i\000o\000n\000s}{chapter.4}% 46
\BOOKMARK [2][-]{subsection.4.5.1}{\376\377\000P\000o\000i\000n\000t\000s}{section.4.5}% 47
\BOOKMARK [2][-]{subsection.4.5.2}{\376\377\000B\000a\000s\000i\000s}{section.4.5}% 48
\BOOKMARK [1][-]{section.4.6}{\376\377\000I\000n\000t\000e\000r\000p\000r\000e\000t\000e\000r}{chapter.4}% 49
\BOOKMARK [1][-]{section.4.7}{\376\377\000K\000e\000r\000n\000e\000l}{chapter.4}% 50
\BOOKMARK [1][-]{section.4.8}{\376\377\000L\000i\000n\000e\000a\000r\000\040\000A\000l\000g\000e\000b\000r\000a}{chapter.4}% 51
\BOOKMARK [1][-]{section.4.9}{\376\377\000M\000e\000m\000o\000r\000y}{chapter.4}% 52
\BOOKMARK [1][-]{section.4.10}{\376\377\000P\000o\000l\000y\000l\000i\000b}{chapter.4}% 53
\BOOKMARK [1][-]{section.4.11}{\376\377\000S\000I\000M\000D\000L\000i\000b}{chapter.4}% 54
\BOOKMARK [1][-]{section.4.12}{\376\377\000T\000i\000m\000e\000\040\000I\000n\000t\000e\000g\000r\000a\000t\000i\000o\000n}{chapter.4}% 55
\BOOKMARK [2][-]{subsection.4.12.1}{\376\377\000G\000e\000n\000e\000r\000a\000l\000\040\000L\000i\000n\000e\000a\000r\000\040\000M\000e\000t\000h\000o\000d\000s}{section.4.12}% 56
\BOOKMARK [2][-]{subsection.4.12.2}{\376\377\000F\000r\000a\000c\000t\000i\000o\000n\000a\000l\000-\000i\000n\000-\000t\000i\000m\000e\000\040\000I\000n\000t\000e\000g\000r\000a\000t\000i\000o\000n\000\040\000S\000c\000h\000e\000m\000e\000s}{section.4.12}% 57
\BOOKMARK [2][-]{subsection.4.12.3}{\376\377\000U\000s\000a\000g\000e}{section.4.12}% 58
\BOOKMARK [2][-]{subsection.4.12.4}{\376\377\000I\000m\000p\000l\000e\000m\000e\000n\000t\000a\000t\000i\000o\000n\000\040\000o\000f\000\040\000a\000\040\000t\000i\000m\000e\000-\000d\000e\000p\000e\000n\000d\000e\000n\000t\000\040\000p\000r\000o\000b\000l\000e\000m}{section.4.12}% 59
\BOOKMARK [2][-]{subsection.4.12.5}{\376\377\000S\000t\000r\000o\000n\000g\000l\000y\000\040\000i\000m\000p\000o\000s\000e\000d\000\040\000e\000s\000s\000e\000n\000t\000i\000a\000l\000\040\000b\000o\000u\000n\000d\000a\000r\000y\000\040\000c\000o\000n\000d\000i\000t\000i\000o\000n\000s}{section.4.12}% 60
\BOOKMARK [2][-]{subsection.4.12.6}{\376\377\000H\000o\000w\000\040\000t\000o\000\040\000a\000d\000d\000\040\000a\000\040\000n\000e\000w\000\040\000G\000L\000M\000\040\000t\000i\000m\000e\000-\000s\000t\000e\000p\000p\000i\000n\000g\000\040\000m\000e\000t\000h\000o\000d}{section.4.12}% 61
\BOOKMARK [2][-]{subsection.4.12.7}{\376\377\000E\000x\000a\000m\000p\000l\000e\000s\000\040\000o\000f\000\040\000a\000l\000r\000e\000a\000d\000y\000\040\000i\000m\000p\000l\000e\000m\000e\000n\000t\000e\000d\000\040\000t\000i\000m\000e\000\040\000s\000t\000e\000p\000p\000i\000n\000g\000\040\000s\000c\000h\000e\000m\000e\000s}{section.4.12}% 62
\BOOKMARK [0][-]{chapter.5}{\376\377\000I\000n\000s\000i\000d\000e\000\040\000t\000h\000e\000\040\000L\000i\000b\000r\000a\000r\000y\000:\000\040\000S\000t\000d\000R\000e\000g\000i\000o\000n\000s}{part.1}% 63
\BOOKMARK [1][-]{section.5.1}{\376\377\000T\000h\000e\000\040\000F\000u\000n\000d\000a\000m\000e\000n\000t\000a\000l\000s\000\040\000B\000e\000h\000i\000n\000d\000\040\000S\000t\000d\000R\000e\000g\000i\000o\000n\000s}{chapter.5}% 64
\BOOKMARK [2][-]{subsection.5.1.1}{\376\377\000R\000e\000f\000e\000r\000e\000n\000c\000e\000\040\000E\000l\000e\000m\000e\000n\000t\000\040\000T\000r\000a\000n\000s\000f\000o\000r\000m\000a\000t\000i\000o\000n\000s\000\040\000T\000h\000a\000t\000\040\000F\000a\000c\000i\000l\000i\000t\000a\000t\000e\000\040\000S\000e\000p\000a\000r\000a\000b\000i\000l\000i\000t\000y}{section.5.1}% 65
\BOOKMARK [2][-]{subsection.5.1.2}{\376\377\000R\000e\000f\000e\000r\000e\000n\000c\000e\000\040\000E\000l\000e\000m\000e\000n\000t\000s\000\040\000O\000n\000\040\000P\000r\000i\000m\000i\000t\000i\000v\000e\000\040\000G\000e\000o\000m\000e\000t\000r\000i\000c\000\040\000T\000y\000p\000e\000s}{section.5.1}% 66
\BOOKMARK [1][-]{section.5.2}{\376\377\000T\000h\000e\000\040\000F\000u\000n\000d\000a\000m\000e\000n\000t\000a\000l\000\040\000D\000a\000t\000a\000\040\000S\000t\000r\000u\000c\000t\000u\000r\000e\000s\000\040\000w\000i\000t\000h\000i\000n\000\040\000S\000t\000d\000R\000e\000g\000i\000o\000n\000s}{chapter.5}% 67
\BOOKMARK [2][-]{subsection.5.2.1}{\376\377\000V\000a\000r\000i\000a\000b\000l\000e\000s\000\040\000a\000t\000\040\000t\000h\000e\000\040\000L\000e\000v\000e\000l\000\040\000o\000f\000\040\000S\000t\000d\000E\000x\000p\000a\000n\000s\000i\000o\000n}{section.5.2}% 68
\BOOKMARK [2][-]{subsection.5.2.2}{\376\377\000V\000a\000r\000i\000a\000b\000l\000e\000s\000\040\000a\000t\000\040\000t\000h\000e\000\040\000L\000e\000v\000e\000l\000\040\000o\000f\000\040\000S\000t\000d\000E\000x\000p\000a\000n\000s\000i\000o\000n\000\044\000D\000\040\000f\000o\000r\000\040\000v\000a\000r\000i\000o\000u\000s\000\040\000D\000i\000m\000e\000n\000s\000i\000o\000n\000s}{section.5.2}% 69
\BOOKMARK [2][-]{subsection.5.2.3}{\376\377\000V\000a\000r\000i\000a\000b\000l\000e\000s\000\040\000a\000t\000\040\000t\000h\000e\000\040\000L\000e\000v\000e\000l\000\040\000o\000f\000\040\000S\000h\000a\000p\000e\000-\000S\000p\000e\000c\000i\000f\000i\000c\000\040\000S\000t\000d\000E\000x\000p\000a\000n\000s\000i\000o\000n\000s}{section.5.2}% 70
\BOOKMARK [2][-]{subsection.5.2.4}{\376\377\000G\000e\000n\000e\000r\000a\000l\000\040\000L\000a\000y\000o\000u\000t\000\040\000o\000f\000\040\000t\000h\000e\000\040\000B\000a\000s\000i\000s\000\040\000F\000u\000n\000c\000t\000i\000o\000n\000s\000\040\000i\000n\000\040\000M\000e\000m\000o\000r\000y}{section.5.2}% 71
\BOOKMARK [2][-]{subsection.5.2.5}{\376\377\000G\000e\000n\000e\000r\000a\000l\000\040\000L\000a\000y\000o\000u\000t}{section.5.2}% 72
\BOOKMARK [2][-]{subsection.5.2.6}{\376\377\0002\000D\000\040\000G\000e\000o\000m\000e\000t\000r\000i\000e\000s}{section.5.2}% 73
\BOOKMARK [2][-]{subsection.5.2.7}{\376\377\0003\000D\000\040\000G\000e\000o\000m\000e\000t\000r\000i\000e\000s}{section.5.2}% 74
\BOOKMARK [1][-]{section.5.3}{\376\377\000T\000h\000e\000\040\000F\000u\000n\000d\000a\000m\000e\000n\000t\000a\000l\000\040\000A\000l\000g\000o\000r\000i\000t\000h\000m\000s\000\040\000w\000i\000t\000h\000i\000n\000\040\000S\000t\000d\000R\000e\000g\000i\000o\000n\000s}{chapter.5}% 75
\BOOKMARK [0][-]{chapter.6}{\376\377\000I\000n\000s\000i\000d\000e\000\040\000t\000h\000e\000\040\000L\000i\000b\000r\000a\000r\000y\000:\000\040\000S\000p\000a\000t\000i\000a\000l\000D\000o\000m\000a\000i\000n\000s}{part.1}% 76
\BOOKMARK [1][-]{section.6.1}{\376\377\000T\000h\000e\000\040\000F\000u\000n\000d\000a\000m\000e\000n\000t\000a\000l\000s\000\040\000B\000e\000h\000i\000n\000d\000\040\000S\000p\000a\000t\000i\000a\000l\000D\000o\000m\000a\000i\000n\000s}{chapter.6}% 77
\BOOKMARK [2][-]{subsection.6.1.1}{\376\377\000V\000e\000r\000t\000e\000x\000\040\000a\000n\000d\000\040\000C\000u\000r\000v\000a\000t\000u\000r\000e\000\040\000M\000a\000p\000p\000i\000n\000g\000\040\000I\000n\000f\000o\000r\000m\000a\000t\000i\000o\000n}{section.6.1}% 78
\BOOKMARK [2][-]{subsection.6.1.2}{\376\377\000R\000e\000g\000u\000l\000a\000r\000\040\000M\000a\000p\000p\000i\000n\000g\000s\000:\000\040\000G\000e\000o\000m\000e\000t\000r\000i\000c\000\040\000F\000a\000c\000t\000o\000r\000s}{section.6.1}% 79
\BOOKMARK [2][-]{subsection.6.1.3}{\376\377\000D\000e\000f\000o\000r\000m\000e\000d\000\040\000M\000a\000p\000p\000i\000n\000g\000s\000:\000\040\000G\000e\000o\000m\000e\000t\000r\000i\000c\000\040\000F\000a\000c\000t\000o\000r\000s}{section.6.1}% 80
\BOOKMARK [1][-]{section.6.2}{\376\377\000T\000h\000e\000\040\000F\000u\000n\000d\000a\000m\000e\000n\000t\000a\000l\000\040\000D\000a\000t\000a\000\040\000S\000t\000r\000u\000c\000t\000u\000r\000e\000s\000\040\000w\000i\000t\000h\000i\000n\000\040\000S\000p\000a\000t\000i\000a\000l\000D\000o\000m\000a\000i\000n\000s}{chapter.6}% 81
\BOOKMARK [2][-]{subsection.6.2.1}{\376\377\000V\000a\000r\000i\000a\000b\000l\000e\000s\000\040\000a\000t\000\040\000t\000h\000e\000\040\000L\000e\000v\000e\000l\000\040\000o\000f\000\040\000G\000e\000o\000m\000e\000t\000r\000y}{section.6.2}% 82
\BOOKMARK [2][-]{subsection.6.2.2}{\376\377\000V\000a\000r\000i\000a\000b\000l\000e\000s\000\040\000a\000t\000\040\000t\000h\000e\000\040\000L\000e\000v\000e\000l\000\040\000o\000f\000\040\000G\000e\000o\000m\000e\000t\000r\000y\000\044\000D\000\040\000f\000o\000r\000\040\000v\000a\000r\000i\000o\000u\000s\000\040\000D\000i\000m\000e\000n\000s\000i\000o\000n\000s}{section.6.2}% 83
\BOOKMARK [2][-]{subsection.6.2.3}{\376\377\000V\000a\000r\000i\000a\000b\000l\000e\000s\000\040\000a\000t\000\040\000t\000h\000e\000\040\000L\000e\000v\000e\000l\000\040\000o\000f\000\040\000S\000h\000a\000p\000e\000-\000S\000p\000e\000c\000i\000f\000i\000c\000\040\000G\000e\000o\000m\000e\000t\000r\000y\000\040\000I\000n\000f\000o\000r\000m\000a\000t\000i\000o\000n}{section.6.2}% 84
\BOOKMARK [2][-]{subsection.6.2.4}{\376\377\000R\000e\000f\000e\000r\000e\000n\000c\000e\000\040\000t\000o\000\040\000W\000o\000r\000l\000d\000-\000S\000p\000a\000c\000e\000\040\000M\000a\000p\000p\000i\000n\000g}{section.6.2}% 85
\BOOKMARK [2][-]{subsection.6.2.5}{\376\377\000M\000e\000s\000h\000G\000r\000a\000p\000h}{section.6.2}% 86
\BOOKMARK [1][-]{section.6.3}{\376\377\000T\000h\000e\000\040\000F\000u\000n\000d\000a\000m\000e\000n\000t\000a\000l\000\040\000A\000l\000g\000o\000r\000i\000t\000h\000m\000s\000\040\000w\000i\000t\000h\000i\000n\000\040\000S\000p\000a\000t\000i\000a\000l\000D\000o\000m\000a\000i\000n\000s}{chapter.6}% 87
\BOOKMARK [0][-]{chapter.7}{\376\377\000I\000n\000s\000i\000d\000e\000\040\000t\000h\000e\000\040\000L\000i\000b\000r\000a\000r\000y\000:\000\040\000L\000o\000c\000a\000l\000R\000e\000g\000i\000o\000n\000s}{part.1}% 88
\BOOKMARK [1][-]{section.7.1}{\376\377\000T\000h\000e\000\040\000F\000u\000n\000d\000a\000m\000e\000n\000t\000a\000l\000s\000\040\000B\000e\000h\000i\000n\000d\000\040\000L\000o\000c\000a\000l\000R\000e\000g\000i\000o\000n\000s}{chapter.7}% 89
\BOOKMARK [1][-]{section.7.2}{\376\377\000T\000h\000e\000\040\000F\000u\000n\000d\000a\000m\000e\000n\000t\000a\000l\000\040\000D\000a\000t\000a\000\040\000S\000t\000r\000u\000c\000t\000u\000r\000e\000s\000\040\000w\000i\000t\000h\000i\000n\000\040\000L\000o\000c\000a\000l\000R\000e\000g\000i\000o\000n\000s}{chapter.7}% 90
\BOOKMARK [2][-]{subsection.7.2.1}{\376\377\000V\000a\000r\000i\000a\000b\000l\000e\000s\000\040\000a\000t\000\040\000t\000h\000e\000\040\000L\000e\000v\000e\000l\000\040\000o\000f\000\040\000E\000x\000p\000a\000n\000s\000i\000o\000n}{section.7.2}% 91
\BOOKMARK [2][-]{subsection.7.2.2}{\376\377\000V\000a\000r\000i\000a\000b\000l\000e\000s\000\040\000a\000t\000\040\000t\000h\000e\000\040\000L\000e\000v\000e\000l\000\040\000o\000f\000\040\000E\000x\000p\000a\000n\000s\000i\000o\000n\000\044\000D\000\040\000f\000o\000r\000\040\000v\000a\000r\000i\000o\000u\000s\000\040\000D\000i\000m\000e\000n\000s\000i\000o\000n\000s}{section.7.2}% 92
\BOOKMARK [2][-]{subsection.7.2.3}{\376\377\000V\000a\000r\000i\000a\000b\000l\000e\000s\000\040\000a\000t\000\040\000t\000h\000e\000\040\000L\000e\000v\000e\000l\000\040\000o\000f\000\040\000S\000h\000a\000p\000e\000-\000S\000p\000e\000c\000i\000f\000i\000c\000\040\000E\000x\000p\000a\000n\000s\000i\000o\000n\000s}{section.7.2}% 93
\BOOKMARK [1][-]{section.7.3}{\376\377\000T\000h\000e\000\040\000F\000u\000n\000d\000a\000m\000e\000n\000t\000a\000l\000\040\000A\000l\000g\000o\000r\000i\000t\000h\000m\000s\000\040\000w\000i\000t\000h\000i\000n\000\040\000L\000o\000c\000a\000l\000R\000e\000g\000i\000o\000n\000s}{chapter.7}% 94
\BOOKMARK [0][-]{chapter.8}{\376\377\000I\000n\000s\000i\000d\000e\000\040\000t\000h\000e\000\040\000L\000i\000b\000r\000a\000r\000y\000:\000\040\000C\000o\000l\000l\000e\000c\000t\000i\000o\000n\000s}{part.1}% 95
\BOOKMARK [1][-]{section.8.1}{\376\377\000T\000h\000e\000\040\000F\000u\000n\000d\000a\000m\000e\000n\000t\000a\000l\000s\000\040\000B\000e\000h\000i\000n\000d\000\040\000C\000o\000l\000l\000e\000c\000t\000i\000o\000n\000s}{chapter.8}% 96
\BOOKMARK [1][-]{section.8.2}{\376\377\000T\000h\000e\000\040\000F\000u\000n\000d\000a\000m\000e\000n\000t\000a\000l\000\040\000D\000a\000t\000a\000\040\000S\000t\000r\000u\000c\000t\000u\000r\000e\000s\000\040\000w\000i\000t\000h\000i\000n\000\040\000C\000o\000l\000l\000e\000c\000t\000i\000o\000n\000s}{chapter.8}% 97
\BOOKMARK [1][-]{section.8.3}{\376\377\000T\000h\000e\000\040\000F\000u\000n\000d\000a\000m\000e\000n\000t\000a\000l\000\040\000A\000l\000g\000o\000r\000i\000t\000h\000m\000s\000\040\000w\000i\000t\000h\000i\000n\000\040\000C\000o\000l\000l\000e\000c\000t\000i\000o\000n\000s}{chapter.8}% 98
\BOOKMARK [0][-]{chapter.9}{\376\377\000I\000n\000s\000i\000d\000e\000\040\000t\000h\000e\000\040\000L\000i\000b\000r\000a\000r\000y\000:\000\040\000M\000u\000l\000t\000i\000R\000e\000g\000i\000o\000n\000s}{part.1}% 99
\BOOKMARK [1][-]{section.9.1}{\376\377\000T\000h\000e\000\040\000F\000u\000n\000d\000a\000m\000e\000n\000t\000a\000l\000s\000\040\000B\000e\000h\000i\000n\000d\000\040\000M\000u\000l\000t\000i\000R\000e\000g\000i\000o\000n\000s}{chapter.9}% 100
\BOOKMARK [1][-]{section.9.2}{\376\377\000T\000h\000e\000\040\000F\000u\000n\000d\000a\000m\000e\000n\000t\000a\000l\000\040\000D\000a\000t\000a\000\040\000S\000t\000r\000u\000c\000t\000u\000r\000e\000s\000\040\000w\000i\000t\000h\000i\000n\000\040\000M\000u\000l\000t\000i\000R\000e\000g\000i\000o\000n\000s}{chapter.9}% 101
\BOOKMARK [2][-]{subsection.9.2.1}{\376\377\000V\000a\000r\000i\000a\000b\000l\000e\000s\000\040\000a\000t\000\040\000t\000h\000e\000\040\000L\000e\000v\000e\000l\000\040\000o\000f\000\040\000E\000x\000p\000L\000i\000s\000t}{section.9.2}% 102
\BOOKMARK [2][-]{subsection.9.2.2}{\376\377\000V\000a\000r\000i\000a\000b\000l\000e\000s\000\040\000a\000t\000\040\000t\000h\000e\000\040\000L\000e\000v\000e\000l\000\040\000o\000f\000\040\000E\000x\000p\000L\000i\000s\000t\000\044\000D\000\040\000f\000o\000r\000\040\000v\000a\000r\000i\000o\000u\000s\000\040\000D\000i\000m\000e\000n\000s\000i\000o\000n\000s}{section.9.2}% 103
\BOOKMARK [2][-]{subsection.9.2.3}{\376\377\000V\000a\000r\000i\000a\000b\000l\000e\000s\000\040\000a\000t\000\040\000t\000h\000e\000\040\000L\000e\000v\000e\000l\000\040\000o\000f\000\040\000D\000i\000s\000c\000o\000n\000t\000i\000n\000u\000o\000u\000s\000\040\000F\000i\000e\000l\000d\000\040\000E\000x\000p\000a\000n\000s\000i\000o\000n\000s}{section.9.2}% 104
\BOOKMARK [2][-]{subsection.9.2.4}{\376\377\000V\000a\000r\000i\000a\000b\000l\000e\000s\000\040\000a\000t\000\040\000t\000h\000e\000\040\000L\000e\000v\000e\000l\000\040\000o\000f\000\040\000C\000o\000n\000t\000i\000n\000u\000o\000u\000s\000\040\000F\000i\000e\000l\000d\000\040\000E\000x\000p\000a\000n\000s\000i\000o\000n\000s}{section.9.2}% 105
\BOOKMARK [1][-]{section.9.3}{\376\377\000T\000h\000e\000\040\000F\000u\000n\000d\000a\000m\000e\000n\000t\000a\000l\000\040\000A\000l\000g\000o\000r\000i\000t\000h\000m\000s\000\040\000w\000i\000t\000h\000i\000n\000\040\000M\000u\000l\000t\000i\000R\000e\000g\000i\000o\000n\000s}{chapter.9}% 106
\BOOKMARK [1][-]{section.9.4}{\376\377\000P\000r\000e\000c\000o\000n\000d\000i\000t\000i\000o\000n\000e\000r\000s}{chapter.9}% 107
\BOOKMARK [2][-]{subsection.9.4.1}{\376\377\000M\000a\000t\000h\000e\000m\000a\000t\000i\000c\000a\000l\000\040\000f\000o\000r\000m\000u\000l\000a\000t\000i\000o\000n}{section.9.4}% 108
\BOOKMARK [2][-]{subsection.9.4.2}{\376\377\000P\000r\000e\000c\000o\000n\000d\000i\000t\000i\000o\000n\000e\000r\000s}{section.9.4}% 109
\BOOKMARK [2][-]{subsection.9.4.3}{\376\377\000L\000o\000w\000\040\000e\000n\000e\000r\000g\000y}{section.9.4}% 110
\BOOKMARK [0][-]{chapter.10}{\376\377\000I\000n\000s\000i\000d\000e\000\040\000t\000h\000e\000\040\000L\000i\000b\000r\000a\000r\000y\000:\000\040\000G\000l\000o\000b\000a\000l\000M\000a\000p\000p\000i\000n\000g}{part.1}% 111
\BOOKMARK [1][-]{section.10.1}{\376\377\000T\000h\000e\000\040\000F\000u\000n\000d\000a\000m\000e\000n\000t\000a\000l\000s\000\040\000B\000e\000h\000i\000n\000d\000\040\000G\000l\000o\000b\000a\000l\000M\000a\000p\000p\000i\000n\000g}{chapter.10}% 112
\BOOKMARK [2][-]{subsection.10.1.1}{\376\377\000D\000i\000v\000e\000r\000g\000e\000n\000c\000e\000\040\000o\000p\000e\000r\000a\000t\000o\000r}{section.10.1}% 113
\BOOKMARK [2][-]{subsection.10.1.2}{\376\377\000L\000a\000p\000l\000a\000c\000i\000a\000n\000\040\000o\000p\000e\000r\000a\000t\000o\000r}{section.10.1}% 114
\BOOKMARK [2][-]{subsection.10.1.3}{\376\377\000A\000n\000i\000s\000o\000t\000r\000o\000p\000i\000c\000\040\000d\000i\000f\000f\000u\000s\000i\000o\000n}{section.10.1}% 115
\BOOKMARK [2][-]{subsection.10.1.4}{\376\377\000A\000n\000i\000s\000o\000t\000r\000o\000p\000i\000c\000\040\000L\000a\000p\000l\000a\000c\000i\000a\000n\000\040\000o\000p\000e\000r\000a\000t\000o\000r}{section.10.1}% 116
\BOOKMARK [1][-]{section.10.2}{\376\377\000T\000h\000e\000\040\000F\000u\000n\000d\000a\000m\000e\000n\000t\000a\000l\000\040\000D\000a\000t\000a\000\040\000S\000t\000r\000u\000c\000t\000u\000r\000e\000s\000\040\000w\000i\000t\000h\000i\000n\000\040\000G\000l\000o\000b\000a\000l\000M\000a\000p\000p\000i\000n\000g}{chapter.10}% 117
\BOOKMARK [1][-]{section.10.3}{\376\377\000T\000h\000e\000\040\000F\000u\000n\000d\000a\000m\000e\000n\000t\000a\000l\000\040\000A\000l\000g\000o\000r\000i\000t\000h\000m\000s\000\040\000w\000i\000t\000h\000i\000n\000\040\000G\000l\000o\000b\000a\000l\000M\000a\000p\000p\000i\000n\000g}{chapter.10}% 118
\BOOKMARK [0][-]{chapter.11}{\376\377\000I\000n\000s\000i\000d\000e\000\040\000t\000h\000e\000\040\000L\000i\000b\000r\000a\000r\000y\000:\000\040\000F\000i\000e\000l\000d\000U\000t\000i\000l\000s}{part.1}% 119
\BOOKMARK [1][-]{section.11.1}{\376\377\000T\000h\000e\000\040\000F\000u\000n\000d\000a\000m\000e\000n\000t\000a\000l\000s\000\040\000B\000e\000h\000i\000n\000d\000\040\000F\000i\000e\000l\000d\000U\000t\000i\000l\000s}{chapter.11}% 120
\BOOKMARK [1][-]{section.11.2}{\376\377\000T\000h\000e\000\040\000F\000u\000n\000d\000a\000m\000e\000n\000t\000a\000l\000\040\000D\000a\000t\000a\000\040\000S\000t\000r\000u\000c\000t\000u\000r\000e\000s\000\040\000w\000i\000t\000h\000i\000n\000\040\000F\000i\000e\000l\000d\000U\000t\000i\000l\000s}{chapter.11}% 121
\BOOKMARK [2][-]{subsection.11.2.1}{\376\377\000O\000v\000e\000r\000v\000i\000e\000w\000\040\000o\000f\000\040\000h\000o\000w\000\040\000m\000o\000d\000u\000l\000e\000s\000\040\000w\000o\000r\000k}{section.11.2}% 122
\BOOKMARK [2][-]{subsection.11.2.2}{\376\377\000M\000o\000d\000u\000l\000e}{section.11.2}% 123
\BOOKMARK [2][-]{subsection.11.2.3}{\376\377\000I\000n\000p\000u\000t\000M\000o\000d\000u\000l\000e}{section.11.2}% 124
\BOOKMARK [2][-]{subsection.11.2.4}{\376\377\000P\000r\000o\000c\000e\000s\000s\000M\000o\000d\000u\000l\000e}{section.11.2}% 125
\BOOKMARK [2][-]{subsection.11.2.5}{\376\377\000O\000u\000t\000p\000u\000t\000M\000o\000d\000u\000l\000e}{section.11.2}% 126
\BOOKMARK [2][-]{subsection.11.2.6}{\376\377\000C\000o\000n\000f\000i\000g\000O\000p\000t\000i\000o\000n}{section.11.2}% 127
\BOOKMARK [2][-]{subsection.11.2.7}{\376\377\000T\000h\000e\000\040\000F\000i\000e\000l\000d\000\040\000s\000t\000r\000u\000c\000t}{section.11.2}% 128
\BOOKMARK [1][-]{section.11.3}{\376\377\000T\000h\000e\000\040\000F\000u\000n\000d\000a\000m\000e\000n\000t\000a\000l\000\040\000A\000l\000g\000o\000r\000i\000t\000h\000m\000s\000\040\000w\000i\000t\000h\000i\000n\000\040\000F\000i\000e\000l\000d\000U\000t\000i\000l\000s}{chapter.11}% 129
\BOOKMARK [0][-]{chapter.12}{\376\377\000I\000n\000s\000i\000d\000e\000\040\000t\000h\000e\000\040\000L\000i\000b\000r\000a\000r\000y\000:\000\040\000S\000o\000l\000v\000e\000r\000U\000t\000i\000l\000s}{part.1}% 130
\BOOKMARK [1][-]{section.12.1}{\376\377\000T\000h\000e\000\040\000F\000u\000n\000d\000a\000m\000e\000n\000t\000a\000l\000s\000\040\000B\000e\000h\000i\000n\000d\000\040\000S\000o\000l\000v\000e\000r\000U\000t\000i\000l\000s}{chapter.12}% 131
\BOOKMARK [1][-]{section.12.2}{\376\377\000T\000h\000e\000\040\000F\000u\000n\000d\000a\000m\000e\000n\000t\000a\000l\000\040\000D\000a\000t\000a\000\040\000S\000t\000r\000u\000c\000t\000u\000r\000e\000s\000\040\000w\000i\000t\000h\000i\000n\000\040\000S\000o\000l\000v\000e\000r\000U\000t\000i\000l\000s}{chapter.12}% 132
\BOOKMARK [1][-]{section.12.3}{\376\377\000T\000h\000e\000\040\000F\000u\000n\000d\000a\000m\000e\000n\000t\000a\000l\000\040\000A\000l\000g\000o\000r\000i\000t\000h\000m\000s\000\040\000w\000i\000t\000h\000i\000n\000\040\000S\000o\000l\000v\000e\000r\000U\000t\000i\000l\000s}{chapter.12}% 133
\BOOKMARK [-1][-]{part.2}{\376\377\000S\000o\000l\000v\000e\000r\000s}{}% 134
\BOOKMARK [0][-]{chapter.13}{\376\377\000A\000D\000R\000S\000o\000l\000v\000e\000r\000:\000\040\000S\000o\000l\000v\000i\000n\000g\000\040\000t\000h\000e\000\040\000A\000d\000v\000e\000c\000t\000i\000o\000n\000-\000R\000e\000a\000c\000t\000i\000o\000n\000-\000D\000i\000f\000f\000u\000s\000i\000o\000n\000\040\000E\000q\000u\000a\000t\000i\000o\000n}{part.2}% 135
\BOOKMARK [0][-]{chapter.14}{\376\377\000I\000n\000c\000N\000a\000v\000i\000e\000r\000S\000t\000o\000k\000e\000s\000S\000o\000l\000v\000e\000r\000:\000\040\000S\000o\000l\000v\000i\000n\000g\000\040\000t\000h\000e\000\040\000I\000n\000c\000o\000m\000p\000r\000e\000s\000s\000i\000b\000l\000e\000\040\000N\000a\000v\000i\000e\000r\000-\000S\000t\000o\000k\000e\000s\000\040\000E\000q\000u\000a\000t\000i\000o\000n\000s}{part.2}% 136
\BOOKMARK [0][-]{chapter.15}{\376\377\000C\000o\000m\000p\000r\000e\000s\000s\000i\000b\000l\000e\000F\000l\000o\000w\000S\000o\000l\000v\000e\000r\000:\000\040\000S\000o\000l\000v\000i\000n\000g\000\040\000t\000h\000e\000\040\000C\000o\000m\000p\000r\000e\000s\000s\000i\000b\000l\000e\000\040\000N\000a\000v\000i\000e\000r\000-\000S\000t\000o\000k\000e\000s\000\040\000E\000q\000u\000a\000t\000i\000o\000n\000s}{part.2}% 137
\BOOKMARK [1][-]{section.15.1}{\376\377\000F\000u\000n\000d\000a\000m\000e\000n\000t\000a\000l\000\040\000T\000h\000e\000o\000r\000i\000e\000s\000\040\000o\000f\000\040\000C\000o\000m\000p\000r\000e\000s\000s\000i\000b\000l\000e\000F\000l\000o\000w\000S\000o\000l\000v\000e\000r}{chapter.15}% 138
\BOOKMARK [2][-]{subsection.15.1.1}{\376\377\000G\000o\000v\000e\000r\000n\000i\000n\000g\000\040\000e\000q\000u\000a\000t\000i\000o\000n\000s}{section.15.1}% 139
\BOOKMARK [2][-]{subsection.15.1.2}{\376\377\000D\000i\000s\000c\000r\000e\000t\000i\000z\000a\000t\000i\000o\000n}{section.15.1}% 140
\BOOKMARK [1][-]{section.15.2}{\376\377\000F\000u\000n\000c\000t\000i\000o\000n\000s\000\040\000o\000f\000\040\000t\000h\000e\000\040\000i\000m\000p\000l\000e\000m\000e\000n\000t\000a\000t\000i\000o\000n}{chapter.15}% 141
\BOOKMARK [1][-]{section.15.3}{\376\377\000D\000a\000t\000a\000\040\000S\000t\000r\000u\000c\000t\000u\000r\000e\000\040\000o\000f\000\040\000C\000o\000m\000p\000r\000e\000s\000s\000i\000b\000l\000e\000F\000l\000o\000w\000S\000o\000l\000v\000e\000r}{chapter.15}% 142
\BOOKMARK [1][-]{section.15.4}{\376\377\000F\000l\000o\000w\000\040\000C\000h\000a\000r\000t\000\040\000o\000f\000\040\000C\000o\000m\000p\000r\000e\000s\000s\000i\000b\000l\000e\000F\000l\000o\000w\000S\000o\000l\000v\000e\000r}{chapter.15}% 143
\BOOKMARK [-1][-]{part.3}{\376\377\000U\000t\000i\000l\000i\000t\000i\000e\000s}{}% 144
\BOOKMARK [0][-]{chapter.16}{\376\377\000F\000i\000e\000l\000d\000C\000o\000n\000v\000e\000r\000t}{part.3}% 145
\BOOKMARK [0][-]{chapter.17}{\376\377\000N\000e\000k\000M\000e\000s\000h}{part.3}% 146
\BOOKMARK [-1][-]{part.4}{\376\377\000N\000e\000k\000P\000y\000:\000\040\000P\000y\000t\000h\000o\000n\000\040\000i\000n\000t\000e\000r\000f\000a\000c\000e\000\040\000t\000o\000\040\000N\000e\000k\000t\000a\000r\000+\000+}{}% 147
\BOOKMARK [0][-]{chapter.18}{\376\377\000I\000n\000t\000r\000o\000d\000u\000c\000t\000i\000o\000n}{part.4}% 148
\BOOKMARK [1][-]{section.18.1}{\376\377\000F\000e\000a\000t\000u\000r\000e\000s\000\040\000a\000n\000d\000\040\000f\000u\000n\000c\000t\000i\000o\000n\000a\000l\000i\000t\000y}{chapter.18}% 149
\BOOKMARK [0][-]{chapter.19}{\376\377\000I\000n\000s\000t\000a\000l\000l\000i\000n\000g\000\040\000N\000e\000k\000P\000y}{part.4}% 150
\BOOKMARK [1][-]{section.19.1}{\376\377\000C\000o\000m\000p\000i\000l\000i\000n\000g\000\040\000a\000n\000d\000\040\000i\000n\000s\000t\000a\000l\000l\000i\000n\000g\000\040\000N\000e\000k\000t\000a\000r\000+\000+}{chapter.19}% 151
\BOOKMARK [2][-]{subsection.19.1.1}{\376\377\000m\000a\000c\000O\000S}{section.19.1}% 152
\BOOKMARK [2][-]{subsection.19.1.2}{\376\377\000L\000i\000n\000u\000x\000:\000\040\000U\000b\000u\000n\000t\000u\000/\000D\000e\000b\000i\000a\000n}{section.19.1}% 153
\BOOKMARK [2][-]{subsection.19.1.3}{\376\377\000C\000o\000m\000p\000i\000l\000i\000n\000g\000\040\000t\000h\000e\000\040\000w\000r\000a\000p\000p\000e\000r\000s}{section.19.1}% 154
\BOOKMARK [1][-]{section.19.2}{\376\377\000U\000s\000i\000n\000g\000\040\000t\000h\000e\000\040\000b\000i\000n\000d\000i\000n\000g\000s}{chapter.19}% 155
\BOOKMARK [2][-]{subsection.19.2.1}{\376\377\000E\000x\000a\000m\000p\000l\000e\000s}{section.19.2}% 156
\BOOKMARK [0][-]{chapter.20}{\376\377\000P\000a\000c\000k\000a\000g\000e\000\040\000s\000t\000r\000u\000c\000t\000u\000r\000e}{part.4}% 157
\BOOKMARK [0][-]{chapter.21}{\376\377\000N\000e\000k\000P\000y\000\040\000w\000r\000a\000p\000p\000i\000n\000g\000\040\000g\000u\000i\000d\000e}{part.4}% 158
\BOOKMARK [1][-]{section.21.1}{\376\377\000D\000e\000f\000i\000n\000i\000n\000g\000\040\000a\000\040\000l\000i\000b\000r\000a\000r\000y}{chapter.21}% 159
\BOOKMARK [1][-]{section.21.2}{\376\377\000B\000a\000s\000i\000c\000\040\000c\000l\000a\000s\000s\000\040\000w\000r\000a\000p\000p\000i\000n\000g}{chapter.21}% 160
\BOOKMARK [2][-]{subsection.21.2.1}{\376\377\000p\000y\000:\000:\000c\000l\000a\000s\000s\000\137\000<\000>}{section.21.2}% 161
\BOOKMARK [2][-]{subsection.21.2.2}{\376\377\000W\000r\000a\000p\000p\000i\000n\000g\000\040\000m\000e\000m\000b\000e\000r\000\040\000f\000u\000n\000c\000t\000i\000o\000n\000s}{section.21.2}% 162
\BOOKMARK [2][-]{subsection.21.2.3}{\376\377\000I\000n\000h\000e\000r\000i\000t\000a\000n\000c\000e}{section.21.2}% 163
\BOOKMARK [2][-]{subsection.21.2.4}{\376\377\000W\000r\000a\000p\000p\000i\000n\000g\000\040\000e\000n\000u\000m\000s}{section.21.2}% 164
\BOOKMARK [0][-]{chapter.22}{\376\377\000D\000o\000c\000u\000m\000e\000n\000t\000a\000t\000i\000o\000n}{part.4}% 165
\BOOKMARK [0][-]{chapter.23}{\376\377\000M\000e\000m\000o\000r\000y\000\040\000m\000a\000n\000a\000g\000e\000m\000e\000n\000t\000\040\000i\000n\000\040\000N\000e\000k\000P\000y}{part.4}% 166
\BOOKMARK [1][-]{section.23.1}{\376\377\000M\000e\000m\000o\000r\000y\000\040\000m\000a\000n\000a\000g\000e\000m\000e\000n\000t\000\040\000i\000n\000\040\000C\000+\000+\000\040\000a\000n\000d\000\040\000P\000y\000t\000h\000o\000n}{chapter.23}% 167
\BOOKMARK [2][-]{subsection.23.1.1}{\376\377\000C\000+\000+}{section.23.1}% 168
\BOOKMARK [1][-]{section.23.2}{\376\377\000P\000a\000s\000s\000i\000n\000g\000\040\000C\000+\000+\000\040\000m\000e\000m\000o\000r\000y\000\040\000t\000o\000\040\000P\000y\000t\000h\000o\000n}{chapter.23}% 169
\BOOKMARK [2][-]{subsection.23.2.1}{\376\377\000P\000a\000s\000s\000i\000n\000g\000\040\000P\000y\000t\000h\000o\000n\000\040\000d\000a\000t\000a\000\040\000t\000o\000\040\000C\000+\000+}{section.23.2}% 170
\BOOKMARK [0][-]{chapter.24}{\376\377\000F\000i\000e\000l\000d\000C\000o\000n\000v\000e\000r\000t\000\040\000i\000n\000\040\000N\000e\000k\000P\000y}{part.4}% 171
\BOOKMARK [1][-]{section.24.1}{\376\377\000I\000d\000e\000a\000\040\000a\000n\000d\000\040\000m\000o\000t\000i\000v\000a\000t\000i\000o\000n}{chapter.24}% 172
\BOOKMARK [2][-]{subsection.24.1.1}{\376\377\000B\000i\000n\000d\000i\000n\000g\000s}{section.24.1}% 173
\BOOKMARK [0][-]{chapter*.186}{\376\377\000B\000i\000b\000l\000i\000o\000g\000r\000a\000p\000h\000y}{part.4}% 174
